WARNING: res://assets/tilesets/basic_tiles.tres:3 - ext_resource, invalid UID: uid://drift_tiles_png - using text path instead: res://assets/tilesets/basic_tiles.png
   at: load (scene/resources/resource_format_text.cpp:500)
WARNING: Nodes with non-equal opposite anchors will have their size overridden after _ready(). 
If you want to set size, change the anchors or consider using set_deferred().
   at: _set_size (scene/gui/control.cpp:1479)
   GDScript backtrace (most recent call first):
       [0] _update_health (res://src/UI/HUD.gd:146)
       [1] _update_all_ui (res://src/UI/HUD.gd:122)
       [2] _ready (res://src/UI/HUD.gd:81)
       [3] setup_ui (res://src/Game/game.gd:108)
       [4] _ready (res://src/Game/game.gd:25)
ERROR: Error opening file 'M:/the-drift/assets/tilesets/world_1_atlas.png'.
   at: load_image (core/io/image_loader.cpp:89)
   GDScript backtrace (most recent call first):
       [0] _build_tileset_from_atlas (res://src/Map/Level.gd:268)
       [1] _apply_theme_to_tilemap (res://src/Map/Level.gd:247)
       [2] regenerate_level_with_seed (res://src/Map/Level.gd:154)
       [3] _regenerate_world (res://src/Entities/GameManager.gd:194)
       [4] _advance_to_next_world (res://src/Entities/GameManager.gd:318)
       [5] _on_portal_entered (res://src/Entities/GameManager.gd:305)
       [6] _trigger_stairs (res://src/Map/ExitStairs.gd:207)
       [7] _on_body_entered (res://src/Map/ExitStairs.gd:190)
ERROR: Failed to load image. Error 7
   at: load_from_file (core/io/image.cpp:2773)
   GDScript backtrace (most recent call first):
       [0] _build_tileset_from_atlas (res://src/Map/Level.gd:268)
       [1] _apply_theme_to_tilemap (res://src/Map/Level.gd:247)
       [2] regenerate_level_with_seed (res://src/Map/Level.gd:154)
       [3] _regenerate_world (res://src/Entities/GameManager.gd:194)
       [4] _advance_to_next_world (res://src/Entities/GameManager.gd:318)
       [5] _on_portal_entered (res://src/Entities/GameManager.gd:305)
       [6] _trigger_stairs (res://src/Map/ExitStairs.gd:207)
       [7] _on_body_entered (res://src/Map/ExitStairs.gd:190)
ERROR: Error opening file 'M:/the-drift/assets/tilesets/world_1_atlas.png'.
   at: load_image (core/io/image_loader.cpp:89)
   GDScript backtrace (most recent call first):
       [0] _build_tileset_from_atlas (res://src/Map/Level.gd:268)
       [1] _apply_theme_to_tilemap (res://src/Map/Level.gd:247)
       [2] apply_theme (res://src/Map/Level.gd:183)
       [3] _apply_world_theme (res://src/Entities/GameManager.gd:226)
       [4] _advance_to_next_world (res://src/Entities/GameManager.gd:324)
       [5] _on_portal_entered (res://src/Entities/GameManager.gd:305)
       [6] _trigger_stairs (res://src/Map/ExitStairs.gd:207)
       [7] _on_body_entered (res://src/Map/ExitStairs.gd:190)
ERROR: Failed to load image. Error 7
   at: load_from_file (core/io/image.cpp:2773)
   GDScript backtrace (most recent call first):
       [0] _build_tileset_from_atlas (res://src/Map/Level.gd:268)
       [1] _apply_theme_to_tilemap (res://src/Map/Level.gd:247)
       [2] apply_theme (res://src/Map/Level.gd:183)
       [3] _apply_world_theme (res://src/Entities/GameManager.gd:226)
       [4] _advance_to_next_world (res://src/Entities/GameManager.gd:324)
       [5] _on_portal_entered (res://src/Entities/GameManager.gd:305)
       [6] _trigger_stairs (res://src/Map/ExitStairs.gd:207)
       [7] _on_body_entered (res://src/Map/ExitStairs.gd:190)
WARNING: ObjectDB instances leaked at exit (run with --verbose for details).
   at: cleanup (core/object/object.cpp:2641)
ERROR: 11 resources still in use at exit (run with --verbose for details).
   at: clear (core/io/resource.cpp:810)
